[2020-04-16 22:15:58,359] INFO Registered kafka:type=kafka.Log4jController MBean (kafka.utils.Log4jControllerRegistration$)
[2020-04-16 22:15:59,016] INFO Setting -D jdk.tls.rejectClientInitiatedRenegotiation=true to disable client-initiated TLS renegotiation (org.apache.zookeeper.common.X509Util)
[2020-04-16 22:15:59,089] INFO Registered signal handlers for TERM, INT, HUP (org.apache.kafka.common.utils.LoggingSignalHandler)
[2020-04-16 22:15:59,099] INFO starting (kafka.server.KafkaServer)
[2020-04-16 22:15:59,100] INFO Connecting to zookeeper on zookeeper:2181 (kafka.server.KafkaServer)
[2020-04-16 22:15:59,137] INFO [ZooKeeperClient Kafka server] Initializing a new session to zookeeper:2181. (kafka.zookeeper.ZooKeeperClient)
[2020-04-16 22:15:59,146] INFO Client environment:zookeeper.version=3.5.7-f0fdd52973d373ffd9c86b81d99842dc2c7f660e, built on 02/10/2020 11:30 GMT (org.apache.zookeeper.ZooKeeper)
[2020-04-16 22:15:59,147] INFO Client environment:host.name=localhost (org.apache.zookeeper.ZooKeeper)
[2020-04-16 22:15:59,147] INFO Client environment:java.version=1.8.0_252 (org.apache.zookeeper.ZooKeeper)
[2020-04-16 22:15:59,147] INFO Client environment:java.vendor=Amazon.com Inc. (org.apache.zookeeper.ZooKeeper)
[2020-04-16 22:15:59,147] INFO Client environment:java.home=/usr/lib/jvm/java-1.8.0-amazon-corretto/jre (org.apache.zookeeper.ZooKeeper)
[2020-04-16 22:15:59,147] INFO Client environment:java.class.path=/home/yousefsoliman/Projects/Microservices/ToDoMicroservices/kafka-docker/bin/../libs/activation-1.1.1.jar:/home/yousefsoliman/Projects/Microservices/ToDoMicroservices/kafka-docker/bin/../libs/aopalliance-repackaged-2.5.0.jar:/home/yousefsoliman/Projects/Microservices/ToDoMicroservices/kafka-docker/bin/../libs/argparse4j-0.7.0.jar:/home/yousefsoliman/Projects/Microservices/ToDoMicroservices/kafka-docker/bin/../libs/audience-annotations-0.5.0.jar:/home/yousefsoliman/Projects/Microservices/ToDoMicroservices/kafka-docker/bin/../libs/commons-cli-1.4.jar:/home/yousefsoliman/Projects/Microservices/ToDoMicroservices/kafka-docker/bin/../libs/commons-lang3-3.8.1.jar:/home/yousefsoliman/Projects/Microservices/ToDoMicroservices/kafka-docker/bin/../libs/connect-api-2.5.0.jar:/home/yousefsoliman/Projects/Microservices/ToDoMicroservices/kafka-docker/bin/../libs/connect-basic-auth-extension-2.5.0.jar:/home/yousefsoliman/Projects/Microservices/ToDoMicroservices/kafka-docker/bin/../libs/connect-file-2.5.0.jar:/home/yousefsoliman/Projects/Microservices/ToDoMicroservices/kafka-docker/bin/../libs/connect-json-2.5.0.jar:/home/yousefsoliman/Projects/Microservices/ToDoMicroservices/kafka-docker/bin/../libs/connect-mirror-2.5.0.jar:/home/yousefsoliman/Projects/Microservices/ToDoMicroservices/kafka-docker/bin/../libs/connect-mirror-client-2.5.0.jar:/home/yousefsoliman/Projects/Microservices/ToDoMicroservices/kafka-docker/bin/../libs/connect-runtime-2.5.0.jar:/home/yousefsoliman/Projects/Microservices/ToDoMicroservices/kafka-docker/bin/../libs/connect-transforms-2.5.0.jar:/home/yousefsoliman/Projects/Microservices/ToDoMicroservices/kafka-docker/bin/../libs/hk2-api-2.5.0.jar:/home/yousefsoliman/Projects/Microservices/ToDoMicroservices/kafka-docker/bin/../libs/hk2-locator-2.5.0.jar:/home/yousefsoliman/Projects/Microservices/ToDoMicroservices/kafka-docker/bin/../libs/hk2-utils-2.5.0.jar:/home/yousefsoliman/Projects/Microservices/ToDoMicroservices/kafka-docker/bin/../libs/jackson-annotations-2.10.2.jar:/home/yousefsoliman/Projects/Microservices/ToDoMicroservices/kafka-docker/bin/../libs/jackson-core-2.10.2.jar:/home/yousefsoliman/Projects/Microservices/ToDoMicroservices/kafka-docker/bin/../libs/jackson-databind-2.10.2.jar:/home/yousefsoliman/Projects/Microservices/ToDoMicroservices/kafka-docker/bin/../libs/jackson-dataformat-csv-2.10.2.jar:/home/yousefsoliman/Projects/Microservices/ToDoMicroservices/kafka-docker/bin/../libs/jackson-datatype-jdk8-2.10.2.jar:/home/yousefsoliman/Projects/Microservices/ToDoMicroservices/kafka-docker/bin/../libs/jackson-jaxrs-base-2.10.2.jar:/home/yousefsoliman/Projects/Microservices/ToDoMicroservices/kafka-docker/bin/../libs/jackson-jaxrs-json-provider-2.10.2.jar:/home/yousefsoliman/Projects/Microservices/ToDoMicroservices/kafka-docker/bin/../libs/jackson-module-jaxb-annotations-2.10.2.jar:/home/yousefsoliman/Projects/Microservices/ToDoMicroservices/kafka-docker/bin/../libs/jackson-module-paranamer-2.10.2.jar:/home/yousefsoliman/Projects/Microservices/ToDoMicroservices/kafka-docker/bin/../libs/jackson-module-scala_2.12-2.10.2.jar:/home/yousefsoliman/Projects/Microservices/ToDoMicroservices/kafka-docker/bin/../libs/jakarta.activation-api-1.2.1.jar:/home/yousefsoliman/Projects/Microservices/ToDoMicroservices/kafka-docker/bin/../libs/jakarta.annotation-api-1.3.4.jar:/home/yousefsoliman/Projects/Microservices/ToDoMicroservices/kafka-docker/bin/../libs/jakarta.inject-2.5.0.jar:/home/yousefsoliman/Projects/Microservices/ToDoMicroservices/kafka-docker/bin/../libs/jakarta.ws.rs-api-2.1.5.jar:/home/yousefsoliman/Projects/Microservices/ToDoMicroservices/kafka-docker/bin/../libs/jakarta.xml.bind-api-2.3.2.jar:/home/yousefsoliman/Projects/Microservices/ToDoMicroservices/kafka-docker/bin/../libs/javassist-3.22.0-CR2.jar:/home/yousefsoliman/Projects/Microservices/ToDoMicroservices/kafka-docker/bin/../libs/javassist-3.26.0-GA.jar:/home/yousefsoliman/Projects/Microservices/ToDoMicroservices/kafka-docker/bin/../libs/javax.servlet-api-3.1.0.jar:/home/yousefsoliman/Projects/Microservices/ToDoMicroservices/kafka-docker/bin/../libs/javax.ws.rs-api-2.1.1.jar:/home/yousefsoliman/Projects/Microservices/ToDoMicroservices/kafka-docker/bin/../libs/jaxb-api-2.3.0.jar:/home/yousefsoliman/Projects/Microservices/ToDoMicroservices/kafka-docker/bin/../libs/jersey-client-2.28.jar:/home/yousefsoliman/Projects/Microservices/ToDoMicroservices/kafka-docker/bin/../libs/jersey-common-2.28.jar:/home/yousefsoliman/Projects/Microservices/ToDoMicroservices/kafka-docker/bin/../libs/jersey-container-servlet-2.28.jar:/home/yousefsoliman/Projects/Microservices/ToDoMicroservices/kafka-docker/bin/../libs/jersey-container-servlet-core-2.28.jar:/home/yousefsoliman/Projects/Microservices/ToDoMicroservices/kafka-docker/bin/../libs/jersey-hk2-2.28.jar:/home/yousefsoliman/Projects/Microservices/ToDoMicroservices/kafka-docker/bin/../libs/jersey-media-jaxb-2.28.jar:/home/yousefsoliman/Projects/Microservices/ToDoMicroservices/kafka-docker/bin/../libs/jersey-server-2.28.jar:/home/yousefsoliman/Projects/Microservices/ToDoMicroservices/kafka-docker/bin/../libs/jetty-client-9.4.24.v20191120.jar:/home/yousefsoliman/Projects/Microservices/ToDoMicroservices/kafka-docker/bin/../libs/jetty-continuation-9.4.24.v20191120.jar:/home/yousefsoliman/Projects/Microservices/ToDoMicroservices/kafka-docker/bin/../libs/jetty-http-9.4.24.v20191120.jar:/home/yousefsoliman/Projects/Microservices/ToDoMicroservices/kafka-docker/bin/../libs/jetty-io-9.4.24.v20191120.jar:/home/yousefsoliman/Projects/Microservices/ToDoMicroservices/kafka-docker/bin/../libs/jetty-security-9.4.24.v20191120.jar:/home/yousefsoliman/Projects/Microservices/ToDoMicroservices/kafka-docker/bin/../libs/jetty-server-9.4.24.v20191120.jar:/home/yousefsoliman/Projects/Microservices/ToDoMicroservices/kafka-docker/bin/../libs/jetty-servlet-9.4.24.v20191120.jar:/home/yousefsoliman/Projects/Microservices/ToDoMicroservices/kafka-docker/bin/../libs/jetty-servlets-9.4.24.v20191120.jar:/home/yousefsoliman/Projects/Microservices/ToDoMicroservices/kafka-docker/bin/../libs/jetty-util-9.4.24.v20191120.jar:/home/yousefsoliman/Projects/Microservices/ToDoMicroservices/kafka-docker/bin/../libs/jopt-simple-5.0.4.jar:/home/yousefsoliman/Projects/Microservices/ToDoMicroservices/kafka-docker/bin/../libs/kafka_2.12-2.5.0.jar:/home/yousefsoliman/Projects/Microservices/ToDoMicroservices/kafka-docker/bin/../libs/kafka_2.12-2.5.0-sources.jar:/home/yousefsoliman/Projects/Microservices/ToDoMicroservices/kafka-docker/bin/../libs/kafka-clients-2.5.0.jar:/home/yousefsoliman/Projects/Microservices/ToDoMicroservices/kafka-docker/bin/../libs/kafka-log4j-appender-2.5.0.jar:/home/yousefsoliman/Projects/Microservices/ToDoMicroservices/kafka-docker/bin/../libs/kafka-streams-2.5.0.jar:/home/yousefsoliman/Projects/Microservices/ToDoMicroservices/kafka-docker/bin/../libs/kafka-streams-examples-2.5.0.jar:/home/yousefsoliman/Projects/Microservices/ToDoMicroservices/kafka-docker/bin/../libs/kafka-streams-scala_2.12-2.5.0.jar:/home/yousefsoliman/Projects/Microservices/ToDoMicroservices/kafka-docker/bin/../libs/kafka-streams-test-utils-2.5.0.jar:/home/yousefsoliman/Projects/Microservices/ToDoMicroservices/kafka-docker/bin/../libs/kafka-tools-2.5.0.jar:/home/yousefsoliman/Projects/Microservices/ToDoMicroservices/kafka-docker/bin/../libs/log4j-1.2.17.jar:/home/yousefsoliman/Projects/Microservices/ToDoMicroservices/kafka-docker/bin/../libs/lz4-java-1.7.1.jar:/home/yousefsoliman/Projects/Microservices/ToDoMicroservices/kafka-docker/bin/../libs/maven-artifact-3.6.3.jar:/home/yousefsoliman/Projects/Microservices/ToDoMicroservices/kafka-docker/bin/../libs/metrics-core-2.2.0.jar:/home/yousefsoliman/Projects/Microservices/ToDoMicroservices/kafka-docker/bin/../libs/netty-buffer-4.1.45.Final.jar:/home/yousefsoliman/Projects/Microservices/ToDoMicroservices/kafka-docker/bin/../libs/netty-codec-4.1.45.Final.jar:/home/yousefsoliman/Projects/Microservices/ToDoMicroservices/kafka-docker/bin/../libs/netty-common-4.1.45.Final.jar:/home/yousefsoliman/Projects/Microservices/ToDoMicroservices/kafka-docker/bin/../libs/netty-handler-4.1.45.Final.jar:/home/yousefsoliman/Projects/Microservices/ToDoMicroservices/kafka-docker/bin/../libs/netty-resolver-4.1.45.Final.jar:/home/yousefsoliman/Projects/Microservices/ToDoMicroservices/kafka-docker/bin/../libs/netty-transport-4.1.45.Final.jar:/home/yousefsoliman/Projects/Microservices/ToDoMicroservices/kafka-docker/bin/../libs/netty-transport-native-epoll-4.1.45.Final.jar:/home/yousefsoliman/Projects/Microservices/ToDoMicroservices/kafka-docker/bin/../libs/netty-transport-native-unix-common-4.1.45.Final.jar:/home/yousefsoliman/Projects/Microservices/ToDoMicroservices/kafka-docker/bin/../libs/osgi-resource-locator-1.0.1.jar:/home/yousefsoliman/Projects/Microservices/ToDoMicroservices/kafka-docker/bin/../libs/paranamer-2.8.jar:/home/yousefsoliman/Projects/Microservices/ToDoMicroservices/kafka-docker/bin/../libs/plexus-utils-3.2.1.jar:/home/yousefsoliman/Projects/Microservices/ToDoMicroservices/kafka-docker/bin/../libs/reflections-0.9.12.jar:/home/yousefsoliman/Projects/Microservices/ToDoMicroservices/kafka-docker/bin/../libs/rocksdbjni-5.18.3.jar:/home/yousefsoliman/Projects/Microservices/ToDoMicroservices/kafka-docker/bin/../libs/scala-collection-compat_2.12-2.1.3.jar:/home/yousefsoliman/Projects/Microservices/ToDoMicroservices/kafka-docker/bin/../libs/scala-java8-compat_2.12-0.9.0.jar:/home/yousefsoliman/Projects/Microservices/ToDoMicroservices/kafka-docker/bin/../libs/scala-library-2.12.10.jar:/home/yousefsoliman/Projects/Microservices/ToDoMicroservices/kafka-docker/bin/../libs/scala-logging_2.12-3.9.2.jar:/home/yousefsoliman/Projects/Microservices/ToDoMicroservices/kafka-docker/bin/../libs/scala-reflect-2.12.10.jar:/home/yousefsoliman/Projects/Microservices/ToDoMicroservices/kafka-docker/bin/../libs/slf4j-api-1.7.30.jar:/home/yousefsoliman/Projects/Microservices/ToDoMicroservices/kafka-docker/bin/../libs/slf4j-log4j12-1.7.30.jar:/home/yousefsoliman/Projects/Microservices/ToDoMicroservices/kafka-docker/bin/../libs/snappy-java-1.1.7.3.jar:/home/yousefsoliman/Projects/Microservices/ToDoMicroservices/kafka-docker/bin/../libs/validation-api-2.0.1.Final.jar:/home/yousefsoliman/Projects/Microservices/ToDoMicroservices/kafka-docker/bin/../libs/zookeeper-3.5.7.jar:/home/yousefsoliman/Projects/Microservices/ToDoMicroservices/kafka-docker/bin/../libs/zookeeper-jute-3.5.7.jar:/home/yousefsoliman/Projects/Microservices/ToDoMicroservices/kafka-docker/bin/../libs/zstd-jni-1.4.4-7.jar (org.apache.zookeeper.ZooKeeper)
[2020-04-16 22:15:59,148] INFO Client environment:java.library.path=/usr/java/packages/lib/amd64:/usr/lib64:/lib64:/lib:/usr/lib (org.apache.zookeeper.ZooKeeper)
[2020-04-16 22:15:59,148] INFO Client environment:java.io.tmpdir=/tmp (org.apache.zookeeper.ZooKeeper)
[2020-04-16 22:15:59,148] INFO Client environment:java.compiler=<NA> (org.apache.zookeeper.ZooKeeper)
[2020-04-16 22:15:59,148] INFO Client environment:os.name=Linux (org.apache.zookeeper.ZooKeeper)
[2020-04-16 22:15:59,149] INFO Client environment:os.arch=amd64 (org.apache.zookeeper.ZooKeeper)
[2020-04-16 22:15:59,149] INFO Client environment:os.version=5.5.11-200.fc31.x86_64 (org.apache.zookeeper.ZooKeeper)
[2020-04-16 22:15:59,149] INFO Client environment:user.name=yousefsoliman (org.apache.zookeeper.ZooKeeper)
[2020-04-16 22:15:59,149] INFO Client environment:user.home=/home/yousefsoliman (org.apache.zookeeper.ZooKeeper)
[2020-04-16 22:15:59,149] INFO Client environment:user.dir=/home/yousefsoliman/Projects/Microservices/ToDoMicroservices/kafka-docker (org.apache.zookeeper.ZooKeeper)
[2020-04-16 22:15:59,149] INFO Client environment:os.memory.free=976MB (org.apache.zookeeper.ZooKeeper)
[2020-04-16 22:15:59,149] INFO Client environment:os.memory.max=1024MB (org.apache.zookeeper.ZooKeeper)
[2020-04-16 22:15:59,149] INFO Client environment:os.memory.total=1024MB (org.apache.zookeeper.ZooKeeper)
[2020-04-16 22:15:59,154] INFO Initiating client connection, connectString=zookeeper:2181 sessionTimeout=18000 watcher=kafka.zookeeper.ZooKeeperClient$ZooKeeperClientWatcher$@708f5957 (org.apache.zookeeper.ZooKeeper)
[2020-04-16 22:15:59,164] INFO jute.maxbuffer value is 4194304 Bytes (org.apache.zookeeper.ClientCnxnSocket)
[2020-04-16 22:15:59,174] INFO zookeeper.request.timeout value is 0. feature enabled= (org.apache.zookeeper.ClientCnxn)
[2020-04-16 22:15:59,177] INFO [ZooKeeperClient Kafka server] Waiting until connected. (kafka.zookeeper.ZooKeeperClient)
[2020-04-16 22:15:59,331] ERROR Unable to resolve address: zookeeper:2181 (org.apache.zookeeper.client.StaticHostProvider)
java.net.UnknownHostException: zookeeper: Name or service not known
	at java.net.Inet6AddressImpl.lookupAllHostAddr(Native Method)
	at java.net.InetAddress$2.lookupAllHostAddr(InetAddress.java:929)
	at java.net.InetAddress.getAddressesFromNameService(InetAddress.java:1324)
	at java.net.InetAddress.getAllByName0(InetAddress.java:1277)
	at java.net.InetAddress.getAllByName(InetAddress.java:1193)
	at java.net.InetAddress.getAllByName(InetAddress.java:1127)
	at org.apache.zookeeper.client.StaticHostProvider$1.getAllByName(StaticHostProvider.java:92)
	at org.apache.zookeeper.client.StaticHostProvider.resolve(StaticHostProvider.java:147)
	at org.apache.zookeeper.client.StaticHostProvider.next(StaticHostProvider.java:375)
	at org.apache.zookeeper.ClientCnxn$SendThread.run(ClientCnxn.java:1137)
[2020-04-16 22:15:59,348] WARN Session 0x0 for server zookeeper:2181, unexpected error, closing socket connection and attempting reconnect (org.apache.zookeeper.ClientCnxn)
java.lang.IllegalArgumentException: Unable to canonicalize address zookeeper:2181 because it's not resolvable
	at org.apache.zookeeper.SaslServerPrincipal.getServerPrincipal(SaslServerPrincipal.java:71)
	at org.apache.zookeeper.SaslServerPrincipal.getServerPrincipal(SaslServerPrincipal.java:39)
	at org.apache.zookeeper.ClientCnxn$SendThread.startConnect(ClientCnxn.java:1087)
	at org.apache.zookeeper.ClientCnxn$SendThread.run(ClientCnxn.java:1139)
[2020-04-16 22:16:00,451] ERROR Unable to resolve address: zookeeper:2181 (org.apache.zookeeper.client.StaticHostProvider)
java.net.UnknownHostException: zookeeper
	at java.net.InetAddress.getAllByName0(InetAddress.java:1281)
	at java.net.InetAddress.getAllByName(InetAddress.java:1193)
	at java.net.InetAddress.getAllByName(InetAddress.java:1127)
	at org.apache.zookeeper.client.StaticHostProvider$1.getAllByName(StaticHostProvider.java:92)
	at org.apache.zookeeper.client.StaticHostProvider.resolve(StaticHostProvider.java:147)
	at org.apache.zookeeper.client.StaticHostProvider.next(StaticHostProvider.java:375)
	at org.apache.zookeeper.ClientCnxn$SendThread.run(ClientCnxn.java:1137)
[2020-04-16 22:16:00,453] WARN Session 0x0 for server zookeeper:2181, unexpected error, closing socket connection and attempting reconnect (org.apache.zookeeper.ClientCnxn)
java.lang.IllegalArgumentException: Unable to canonicalize address zookeeper:2181 because it's not resolvable
	at org.apache.zookeeper.SaslServerPrincipal.getServerPrincipal(SaslServerPrincipal.java:71)
	at org.apache.zookeeper.SaslServerPrincipal.getServerPrincipal(SaslServerPrincipal.java:39)
	at org.apache.zookeeper.ClientCnxn$SendThread.startConnect(ClientCnxn.java:1087)
	at org.apache.zookeeper.ClientCnxn$SendThread.run(ClientCnxn.java:1139)
[2020-04-16 22:16:01,554] ERROR Unable to resolve address: zookeeper:2181 (org.apache.zookeeper.client.StaticHostProvider)
java.net.UnknownHostException: zookeeper
	at java.net.InetAddress.getAllByName0(InetAddress.java:1281)
	at java.net.InetAddress.getAllByName(InetAddress.java:1193)
	at java.net.InetAddress.getAllByName(InetAddress.java:1127)
	at org.apache.zookeeper.client.StaticHostProvider$1.getAllByName(StaticHostProvider.java:92)
	at org.apache.zookeeper.client.StaticHostProvider.resolve(StaticHostProvider.java:147)
	at org.apache.zookeeper.client.StaticHostProvider.next(StaticHostProvider.java:375)
	at org.apache.zookeeper.ClientCnxn$SendThread.run(ClientCnxn.java:1137)
[2020-04-16 22:16:01,560] WARN Session 0x0 for server zookeeper:2181, unexpected error, closing socket connection and attempting reconnect (org.apache.zookeeper.ClientCnxn)
java.lang.IllegalArgumentException: Unable to canonicalize address zookeeper:2181 because it's not resolvable
	at org.apache.zookeeper.SaslServerPrincipal.getServerPrincipal(SaslServerPrincipal.java:71)
	at org.apache.zookeeper.SaslServerPrincipal.getServerPrincipal(SaslServerPrincipal.java:39)
	at org.apache.zookeeper.ClientCnxn$SendThread.startConnect(ClientCnxn.java:1087)
	at org.apache.zookeeper.ClientCnxn$SendThread.run(ClientCnxn.java:1139)
[2020-04-16 22:16:02,661] ERROR Unable to resolve address: zookeeper:2181 (org.apache.zookeeper.client.StaticHostProvider)
java.net.UnknownHostException: zookeeper
	at java.net.InetAddress.getAllByName0(InetAddress.java:1281)
	at java.net.InetAddress.getAllByName(InetAddress.java:1193)
	at java.net.InetAddress.getAllByName(InetAddress.java:1127)
	at org.apache.zookeeper.client.StaticHostProvider$1.getAllByName(StaticHostProvider.java:92)
	at org.apache.zookeeper.client.StaticHostProvider.resolve(StaticHostProvider.java:147)
	at org.apache.zookeeper.client.StaticHostProvider.next(StaticHostProvider.java:375)
	at org.apache.zookeeper.ClientCnxn$SendThread.run(ClientCnxn.java:1137)
[2020-04-16 22:16:02,663] WARN Session 0x0 for server zookeeper:2181, unexpected error, closing socket connection and attempting reconnect (org.apache.zookeeper.ClientCnxn)
java.lang.IllegalArgumentException: Unable to canonicalize address zookeeper:2181 because it's not resolvable
	at org.apache.zookeeper.SaslServerPrincipal.getServerPrincipal(SaslServerPrincipal.java:71)
	at org.apache.zookeeper.SaslServerPrincipal.getServerPrincipal(SaslServerPrincipal.java:39)
	at org.apache.zookeeper.ClientCnxn$SendThread.startConnect(ClientCnxn.java:1087)
	at org.apache.zookeeper.ClientCnxn$SendThread.run(ClientCnxn.java:1139)
[2020-04-16 22:16:03,764] ERROR Unable to resolve address: zookeeper:2181 (org.apache.zookeeper.client.StaticHostProvider)
java.net.UnknownHostException: zookeeper
	at java.net.InetAddress.getAllByName0(InetAddress.java:1281)
	at java.net.InetAddress.getAllByName(InetAddress.java:1193)
	at java.net.InetAddress.getAllByName(InetAddress.java:1127)
	at org.apache.zookeeper.client.StaticHostProvider$1.getAllByName(StaticHostProvider.java:92)
	at org.apache.zookeeper.client.StaticHostProvider.resolve(StaticHostProvider.java:147)
	at org.apache.zookeeper.client.StaticHostProvider.next(StaticHostProvider.java:375)
	at org.apache.zookeeper.ClientCnxn$SendThread.run(ClientCnxn.java:1137)
[2020-04-16 22:16:03,765] WARN Session 0x0 for server zookeeper:2181, unexpected error, closing socket connection and attempting reconnect (org.apache.zookeeper.ClientCnxn)
java.lang.IllegalArgumentException: Unable to canonicalize address zookeeper:2181 because it's not resolvable
	at org.apache.zookeeper.SaslServerPrincipal.getServerPrincipal(SaslServerPrincipal.java:71)
	at org.apache.zookeeper.SaslServerPrincipal.getServerPrincipal(SaslServerPrincipal.java:39)
	at org.apache.zookeeper.ClientCnxn$SendThread.startConnect(ClientCnxn.java:1087)
	at org.apache.zookeeper.ClientCnxn$SendThread.run(ClientCnxn.java:1139)
[2020-04-16 22:16:04,867] ERROR Unable to resolve address: zookeeper:2181 (org.apache.zookeeper.client.StaticHostProvider)
java.net.UnknownHostException: zookeeper
	at java.net.InetAddress.getAllByName0(InetAddress.java:1281)
	at java.net.InetAddress.getAllByName(InetAddress.java:1193)
	at java.net.InetAddress.getAllByName(InetAddress.java:1127)
	at org.apache.zookeeper.client.StaticHostProvider$1.getAllByName(StaticHostProvider.java:92)
	at org.apache.zookeeper.client.StaticHostProvider.resolve(StaticHostProvider.java:147)
	at org.apache.zookeeper.client.StaticHostProvider.next(StaticHostProvider.java:375)
	at org.apache.zookeeper.ClientCnxn$SendThread.run(ClientCnxn.java:1137)
[2020-04-16 22:16:04,868] WARN Session 0x0 for server zookeeper:2181, unexpected error, closing socket connection and attempting reconnect (org.apache.zookeeper.ClientCnxn)
java.lang.IllegalArgumentException: Unable to canonicalize address zookeeper:2181 because it's not resolvable
	at org.apache.zookeeper.SaslServerPrincipal.getServerPrincipal(SaslServerPrincipal.java:71)
	at org.apache.zookeeper.SaslServerPrincipal.getServerPrincipal(SaslServerPrincipal.java:39)
	at org.apache.zookeeper.ClientCnxn$SendThread.startConnect(ClientCnxn.java:1087)
	at org.apache.zookeeper.ClientCnxn$SendThread.run(ClientCnxn.java:1139)
[2020-04-16 22:16:05,698] INFO Terminating process due to signal SIGINT (org.apache.kafka.common.utils.LoggingSignalHandler)
[2020-04-16 22:16:05,700] INFO shutting down (kafka.server.KafkaServer)
[2020-04-16 22:16:05,705] ERROR Fatal error during KafkaServer shutdown. (kafka.server.KafkaServer)
java.lang.IllegalStateException: Kafka server is still starting up, cannot shut down!
	at kafka.server.KafkaServer.shutdown(KafkaServer.scala:602)
	at kafka.server.KafkaServerStartable.shutdown(KafkaServerStartable.scala:54)
	at kafka.Kafka$.$anonfun$main$3(Kafka.scala:80)
	at kafka.utils.Exit$.$anonfun$addShutdownHook$1(Exit.scala:38)
	at java.lang.Thread.run(Thread.java:748)
[2020-04-16 22:16:05,706] ERROR Halting Kafka. (kafka.server.KafkaServerStartable)
